TN:
SF:/users/but/info/romanenp/CLionProjects/skiplist/skiplist.c
FN:8,createNode
FNDA:11,createNode
FN:21,freeNode
FNDA:11,freeNode
FN:31,createSkiplist
FNDA:1,createSkiplist
FN:40,freeSkiplist
FNDA:1,freeSkiplist
FN:54,size
FNDA:0,size
FN:59,cmpNodes
FNDA:0,cmpNodes
FN:75,skipSearch
FNDA:0,skipSearch
FN:94,computeRandomLevel
FNDA:0,computeRandomLevel
FN:103,insertNode
FNDA:0,insertNode
FN:109,insertNodeWithLevel
FNDA:0,insertNodeWithLevel
FN:135,removeValue
FNDA:0,removeValue
FN:153,printToStringLevel0
FNDA:0,printToStringLevel0
FN:190,appendStringToBuffer
FNDA:0,appendStringToBuffer
FN:219,printToStringFull
FNDA:0,printToStringFull
FN:251,getRank
FNDA:0,getRank
FN:256,printRangeByScore
FNDA:1,printRangeByScore
FN:261,printRangeByScoreLog
FNDA:0,printRangeByScoreLog
DA:8,11
DA:10,11
DA:11,11
DA:12,11
DA:13,70
DA:15,59
DA:16,59
DA:18,11
DA:21,11
DA:23,11
DA:24,0
DA:26,11
DA:28,11
DA:31,1
DA:33,1
DA:34,1
DA:35,1
DA:36,1
DA:37,1
DA:40,1
DA:42,1
DA:44,12
DA:46,11
DA:47,11
DA:48,11
DA:51,1
DA:52,1
DA:54,0
DA:56,0
DA:59,0
DA:61,0
DA:62,0
DA:63,0
DA:64,0
DA:66,0
DA:67,0
DA:68,0
DA:69,0
DA:70,0
DA:71,0
DA:72,0
DA:75,0
DA:77,0
DA:79,0
DA:80,0
DA:82,0
DA:83,0
DA:84,0
DA:91,0
DA:94,0
DA:97,0
DA:98,0
DA:99,0
DA:100,0
DA:103,0
DA:105,0
DA:106,0
DA:109,0
DA:113,0
DA:115,0
DA:118,0
DA:122,0
DA:124,0
DA:128,0
DA:130,0
DA:132,0
DA:135,0
DA:139,0
DA:141,0
DA:150,0
DA:153,0
DA:155,0
DA:157,0
DA:159,0
DA:160,0
DA:162,0
DA:166,0
DA:168,0
DA:170,0
DA:171,0
DA:174,0
DA:176,0
DA:178,0
DA:180,0
DA:181,0
DA:183,0
DA:187,0
DA:190,0
DA:193,0
DA:196,0
DA:197,0
DA:200,0
DA:202,0
DA:203,0
DA:204,0
DA:206,0
DA:207,0
DA:212,0
DA:213,0
DA:214,0
DA:216,0
DA:219,0
DA:221,0
DA:222,0
DA:223,0
DA:225,0
DA:227,0
DA:229,0
DA:232,0
DA:234,0
DA:236,0
DA:238,0
DA:242,0
DA:244,0
DA:248,0
DA:251,0
DA:254,0
DA:256,1
DA:259,1
DA:261,0
DA:264,0
end_of_record
